<?xml version="1.0" encoding="UTF-8"?>
<!-- Generated by org.testng.reporters.JUnitReportReporter -->
<testsuite skipped="0" hostname="Sanjeet3149591" name="com.projectU.testcase.freecrm" tests="1" failures="0" timestamp="29 Jan 2019 20:11:24 GMT" time="17.346" errors="0">
  <testcase name="GlobalInitialization" time="17.346" classname="com.projectU.testcase.freecrm"/>
</testsuite> <!-- com.projectU.testcase.freecrm -->
