<?xml version="1.0" encoding="UTF-8"?>
<!-- Generated by org.testng.reporters.JUnitReportReporter -->
<testsuite skipped="0" hostname="Sanjeet3149591" name="com.CBSCorporate.CBSCorporate" tests="1" failures="0" timestamp="29 Jan 2019 19:53:40 GMT" time="19.058" errors="0">
  <testcase name="ExecuteMain" time="19.058" classname="com.CBSCorporate.CBSCorporate"/>
</testsuite> <!-- com.CBSCorporate.CBSCorporate -->
