<?xml version="1.0" encoding="UTF-8"?>
<!-- Generated by org.testng.reporters.JUnitReportReporter -->
<testsuite skipped="0" hostname="Sanjeet3149591" name="com.projectU.projectU" tests="1" failures="0" timestamp="29 Jan 2019 20:11:25 GMT" time="20.714" errors="0">
  <testcase name="ExecuteMain" time="20.714" classname="com.projectU.projectU"/>
</testsuite> <!-- com.projectU.projectU -->
