<?xml version="1.0" encoding="UTF-8"?>
<!-- Generated by org.testng.reporters.JUnitReportReporter -->
<testsuite skipped="0" hostname="san3149591" name="com.projectU.projectU" tests="1" failures="0" timestamp="26 Sep 2019 12:08:27 GMT" time="13.518" errors="0">
  <testcase name="ExecuteMain" time="13.518" classname="com.projectU.projectU"/>
</testsuite> <!-- com.projectU.projectU -->
