<?xml version="1.0" encoding="UTF-8"?>
<!-- Generated by org.testng.reporters.JUnitReportReporter -->
<testsuite skipped="0" hostname="san3149591" name="com.projectU.utility.excel.excelReader" tests="4" failures="0" timestamp="13 Apr 2019 12:10:23 GMT" time="0.012" errors="0">
  <testcase name="userdetails" time="0.008" classname="com.projectU.utility.excel.excelReader"/>
  <testcase name="userdetails" time="0.001" classname="com.projectU.utility.excel.excelReader"/>
  <testcase name="userdetails" time="0.002" classname="com.projectU.utility.excel.excelReader"/>
  <testcase name="userdetails" time="0.001" classname="com.projectU.utility.excel.excelReader"/>
</testsuite> <!-- com.projectU.utility.excel.excelReader -->
