<?xml version="1.0" encoding="UTF-8"?>
<!-- Generated by org.testng.reporters.JUnitReportReporter -->
<testsuite skipped="0" hostname="Sanjeet3149591" name="com.CBSCorporate.testcase.freecrm" tests="1" failures="0" timestamp="29 Jan 2019 19:53:39 GMT" time="16.320" errors="0">
  <testcase name="GlobalInitialization" time="16.320" classname="com.CBSCorporate.testcase.freecrm"/>
</testsuite> <!-- com.CBSCorporate.testcase.freecrm -->
